[13-Jan-2019 04:37:08 UTC] PHP Fatal error:  Uncaught Error: Call to undefined function apply_filter() in /app/public/wp-content/themes/pronto-two/footer.php:4
Stack trace:
#0 /app/public/wp-includes/template.php(688): require_once()
#1 /app/public/wp-includes/template.php(647): load_template('/app/public/wp-...', true)
#2 /app/public/wp-includes/general-template.php(76): locate_template(Array, true)
#3 /app/public/wp-content/themes/pronto-two/index.php(14): get_footer()
#4 /app/public/wp-includes/template-loader.php(74): include('/app/public/wp-...')
#5 /app/public/wp-blog-header.php(19): require_once('/app/public/wp-...')
#6 /app/public/index.php(17): require('/app/public/wp-...')
#7 {main}
  thrown in /app/public/wp-content/themes/pronto-two/footer.php on line 4
[13-Jan-2019 04:37:10 UTC] PHP Fatal error:  Uncaught Error: Call to undefined function apply_filter() in /app/public/wp-content/themes/pronto-two/footer.php:4
Stack trace:
#0 /app/public/wp-includes/template.php(688): require_once()
#1 /app/public/wp-includes/template.php(647): load_template('/app/public/wp-...', true)
#2 /app/public/wp-includes/general-template.php(76): locate_template(Array, true)
#3 /app/public/wp-content/themes/pronto-two/single.php(18): get_footer()
#4 /app/public/wp-includes/template-loader.php(74): include('/app/public/wp-...')
#5 /app/public/wp-blog-header.php(19): require_once('/app/public/wp-...')
#6 /app/public/index.php(17): require('/app/public/wp-...')
#7 {main}
  thrown in /app/public/wp-content/themes/pronto-two/footer.php on line 4
[13-Jan-2019 04:37:30 UTC] PHP Fatal error:  Uncaught ArgumentCountError: Too few arguments to function apply_filters(), 1 passed in /app/public/wp-content/themes/pronto-two/footer.php on line 4 and exactly 2 expected in /app/public/wp-includes/plugin.php:176
Stack trace:
#0 /app/public/wp-content/themes/pronto-two/footer.php(4): apply_filters('replace_pronto_...')
#1 /app/public/wp-includes/template.php(688): require_once('/app/public/wp-...')
#2 /app/public/wp-includes/template.php(647): load_template('/app/public/wp-...', true)
#3 /app/public/wp-includes/general-template.php(76): locate_template(Array, true)
#4 /app/public/wp-content/themes/pronto-two/single.php(18): get_footer()
#5 /app/public/wp-includes/template-loader.php(74): include('/app/public/wp-...')
#6 /app/public/wp-blog-header.php(19): require_once('/app/public/wp-...')
#7 /app/public/index.php(17): require('/app/public/wp-...')
#8 {main}
  thrown in /app/public/wp-includes/plugin.php on line 176
[13-Jan-2019 04:38:14 UTC] PHP Fatal error:  Uncaught ArgumentCountError: Too few arguments to function apply_filters(), 1 passed in /app/public/wp-content/themes/pronto-two/footer.php on line 4 and exactly 2 expected in /app/public/wp-includes/plugin.php:176
Stack trace:
#0 /app/public/wp-content/themes/pronto-two/footer.php(4): apply_filters('replace_pronto_...')
#1 /app/public/wp-includes/template.php(688): require_once('/app/public/wp-...')
#2 /app/public/wp-includes/template.php(647): load_template('/app/public/wp-...', true)
#3 /app/public/wp-includes/general-template.php(76): locate_template(Array, true)
#4 /app/public/wp-content/themes/pronto-two/single.php(18): get_footer()
#5 /app/public/wp-includes/template-loader.php(74): include('/app/public/wp-...')
#6 /app/public/wp-blog-header.php(19): require_once('/app/public/wp-...')
#7 /app/public/index.php(17): require('/app/public/wp-...')
#8 {main}
  thrown in /app/public/wp-includes/plugin.php on line 176
[13-Jan-2019 04:38:15 UTC] PHP Fatal error:  Uncaught ArgumentCountError: Too few arguments to function apply_filters(), 1 passed in /app/public/wp-content/themes/pronto-two/footer.php on line 4 and exactly 2 expected in /app/public/wp-includes/plugin.php:176
Stack trace:
#0 /app/public/wp-content/themes/pronto-two/footer.php(4): apply_filters('replace_pronto_...')
#1 /app/public/wp-includes/template.php(688): require_once('/app/public/wp-...')
#2 /app/public/wp-includes/template.php(647): load_template('/app/public/wp-...', true)
#3 /app/public/wp-includes/general-template.php(76): locate_template(Array, true)
#4 /app/public/wp-content/themes/pronto-two/index.php(14): get_footer()
#5 /app/public/wp-includes/template-loader.php(74): include('/app/public/wp-...')
#6 /app/public/wp-blog-header.php(19): require_once('/app/public/wp-...')
#7 /app/public/index.php(17): require('/app/public/wp-...')
#8 {main}
  thrown in /app/public/wp-includes/plugin.php on line 176
[13-Jan-2019 04:38:18 UTC] PHP Fatal error:  Uncaught ArgumentCountError: Too few arguments to function apply_filters(), 1 passed in /app/public/wp-content/themes/pronto-two/footer.php on line 4 and exactly 2 expected in /app/public/wp-includes/plugin.php:176
Stack trace:
#0 /app/public/wp-content/themes/pronto-two/footer.php(4): apply_filters('replace_pronto_...')
#1 /app/public/wp-includes/template.php(688): require_once('/app/public/wp-...')
#2 /app/public/wp-includes/template.php(647): load_template('/app/public/wp-...', true)
#3 /app/public/wp-includes/general-template.php(76): locate_template(Array, true)
#4 /app/public/wp-content/themes/pronto-two/index.php(14): get_footer()
#5 /app/public/wp-includes/template-loader.php(74): include('/app/public/wp-...')
#6 /app/public/wp-blog-header.php(19): require_once('/app/public/wp-...')
#7 /app/public/index.php(17): require('/app/public/wp-...')
#8 {main}
  thrown in /app/public/wp-includes/plugin.php on line 176
[13-Jan-2019 04:38:25 UTC] PHP Fatal error:  Uncaught ArgumentCountError: Too few arguments to function apply_filters(), 1 passed in /app/public/wp-content/themes/pronto-two/footer.php on line 4 and exactly 2 expected in /app/public/wp-includes/plugin.php:176
Stack trace:
#0 /app/public/wp-content/themes/pronto-two/footer.php(4): apply_filters('replace_pronto_...')
#1 /app/public/wp-includes/template.php(688): require_once('/app/public/wp-...')
#2 /app/public/wp-includes/template.php(647): load_template('/app/public/wp-...', true)
#3 /app/public/wp-includes/general-template.php(76): locate_template(Array, true)
#4 /app/public/wp-content/themes/pronto-two/index.php(14): get_footer()
#5 /app/public/wp-includes/template-loader.php(74): include('/app/public/wp-...')
#6 /app/public/wp-blog-header.php(19): require_once('/app/public/wp-...')
#7 /app/public/index.php(17): require('/app/public/wp-...')
#8 {main}
  thrown in /app/public/wp-includes/plugin.php on line 176
[13-Jan-2019 04:38:26 UTC] PHP Fatal error:  Uncaught ArgumentCountError: Too few arguments to function apply_filters(), 1 passed in /app/public/wp-content/themes/pronto-two/footer.php on line 4 and exactly 2 expected in /app/public/wp-includes/plugin.php:176
Stack trace:
#0 /app/public/wp-content/themes/pronto-two/footer.php(4): apply_filters('replace_pronto_...')
#1 /app/public/wp-includes/template.php(688): require_once('/app/public/wp-...')
#2 /app/public/wp-includes/template.php(647): load_template('/app/public/wp-...', true)
#3 /app/public/wp-includes/general-template.php(76): locate_template(Array, true)
#4 /app/public/wp-content/themes/pronto-two/index.php(14): get_footer()
#5 /app/public/wp-includes/template-loader.php(74): include('/app/public/wp-...')
#6 /app/public/wp-blog-header.php(19): require_once('/app/public/wp-...')
#7 /app/public/index.php(17): require('/app/public/wp-...')
#8 {main}
  thrown in /app/public/wp-includes/plugin.php on line 176
[13-Jan-2019 04:38:32 UTC] PHP Fatal error:  Uncaught ArgumentCountError: Too few arguments to function apply_filters(), 1 passed in /app/public/wp-content/themes/pronto-two/footer.php on line 4 and exactly 2 expected in /app/public/wp-includes/plugin.php:176
Stack trace:
#0 /app/public/wp-content/themes/pronto-two/footer.php(4): apply_filters('replace_pronto_...')
#1 /app/public/wp-includes/template.php(688): require_once('/app/public/wp-...')
#2 /app/public/wp-includes/template.php(647): load_template('/app/public/wp-...', true)
#3 /app/public/wp-includes/general-template.php(76): locate_template(Array, true)
#4 /app/public/wp-content/themes/pronto-two/index.php(14): get_footer()
#5 /app/public/wp-includes/template-loader.php(74): include('/app/public/wp-...')
#6 /app/public/wp-blog-header.php(19): require_once('/app/public/wp-...')
#7 /app/public/index.php(17): require('/app/public/wp-...')
#8 {main}
  thrown in /app/public/wp-includes/plugin.php on line 176
[13-Jan-2019 04:38:53 UTC] PHP Fatal error:  Uncaught ArgumentCountError: Too few arguments to function apply_filters(), 1 passed in /app/public/wp-content/themes/pronto-two/footer.php on line 4 and exactly 2 expected in /app/public/wp-includes/plugin.php:176
Stack trace:
#0 /app/public/wp-content/themes/pronto-two/footer.php(4): apply_filters('replace_pronto_...')
#1 /app/public/wp-includes/template.php(688): require_once('/app/public/wp-...')
#2 /app/public/wp-includes/template.php(647): load_template('/app/public/wp-...', true)
#3 /app/public/wp-includes/general-template.php(76): locate_template(Array, true)
#4 /app/public/wp-content/themes/pronto-two/index.php(14): get_footer()
#5 /app/public/wp-includes/template-loader.php(74): include('/app/public/wp-...')
#6 /app/public/wp-blog-header.php(19): require_once('/app/public/wp-...')
#7 /app/public/index.php(17): require('/app/public/wp-...')
#8 {main}
  thrown in /app/public/wp-includes/plugin.php on line 176
[13-Jan-2019 04:38:54 UTC] PHP Fatal error:  Uncaught ArgumentCountError: Too few arguments to function apply_filters(), 1 passed in /app/public/wp-content/themes/pronto-two/footer.php on line 4 and exactly 2 expected in /app/public/wp-includes/plugin.php:176
Stack trace:
#0 /app/public/wp-content/themes/pronto-two/footer.php(4): apply_filters('replace_pronto_...')
#1 /app/public/wp-includes/template.php(688): require_once('/app/public/wp-...')
#2 /app/public/wp-includes/template.php(647): load_template('/app/public/wp-...', true)
#3 /app/public/wp-includes/general-template.php(76): locate_template(Array, true)
#4 /app/public/wp-content/themes/pronto-two/index.php(14): get_footer()
#5 /app/public/wp-includes/template-loader.php(74): include('/app/public/wp-...')
#6 /app/public/wp-blog-header.php(19): require_once('/app/public/wp-...')
#7 /app/public/index.php(17): require('/app/public/wp-...')
#8 {main}
  thrown in /app/public/wp-includes/plugin.php on line 176
[13-Jan-2019 04:38:56 UTC] PHP Fatal error:  Uncaught ArgumentCountError: Too few arguments to function apply_filters(), 1 passed in /app/public/wp-content/themes/pronto-two/footer.php on line 4 and exactly 2 expected in /app/public/wp-includes/plugin.php:176
Stack trace:
#0 /app/public/wp-content/themes/pronto-two/footer.php(4): apply_filters('replace_pronto_...')
#1 /app/public/wp-includes/template.php(688): require_once('/app/public/wp-...')
#2 /app/public/wp-includes/template.php(647): load_template('/app/public/wp-...', true)
#3 /app/public/wp-includes/general-template.php(76): locate_template(Array, true)
#4 /app/public/wp-content/themes/pronto-two/index.php(14): get_footer()
#5 /app/public/wp-includes/template-loader.php(74): include('/app/public/wp-...')
#6 /app/public/wp-blog-header.php(19): require_once('/app/public/wp-...')
#7 /app/public/index.php(17): require('/app/public/wp-...')
#8 {main}
  thrown in /app/public/wp-includes/plugin.php on line 176
[13-Jan-2019 04:38:57 UTC] PHP Fatal error:  Uncaught ArgumentCountError: Too few arguments to function apply_filters(), 1 passed in /app/public/wp-content/themes/pronto-two/footer.php on line 4 and exactly 2 expected in /app/public/wp-includes/plugin.php:176
Stack trace:
#0 /app/public/wp-content/themes/pronto-two/footer.php(4): apply_filters('replace_pronto_...')
#1 /app/public/wp-includes/template.php(688): require_once('/app/public/wp-...')
#2 /app/public/wp-includes/template.php(647): load_template('/app/public/wp-...', true)
#3 /app/public/wp-includes/general-template.php(76): locate_template(Array, true)
#4 /app/public/wp-content/themes/pronto-two/single.php(18): get_footer()
#5 /app/public/wp-includes/template-loader.php(74): include('/app/public/wp-...')
#6 /app/public/wp-blog-header.php(19): require_once('/app/public/wp-...')
#7 /app/public/index.php(17): require('/app/public/wp-...')
#8 {main}
  thrown in /app/public/wp-includes/plugin.php on line 176
[13-Jan-2019 04:39:08 UTC] PHP Fatal error:  Uncaught ArgumentCountError: Too few arguments to function apply_filters(), 1 passed in /app/public/wp-content/themes/pronto-two/footer.php on line 4 and exactly 2 expected in /app/public/wp-includes/plugin.php:176
Stack trace:
#0 /app/public/wp-content/themes/pronto-two/footer.php(4): apply_filters('replace_pronto_...')
#1 /app/public/wp-includes/template.php(688): require_once('/app/public/wp-...')
#2 /app/public/wp-includes/template.php(647): load_template('/app/public/wp-...', true)
#3 /app/public/wp-includes/general-template.php(76): locate_template(Array, true)
#4 /app/public/wp-content/themes/pronto-two/index.php(14): get_footer()
#5 /app/public/wp-includes/template-loader.php(74): include('/app/public/wp-...')
#6 /app/public/wp-blog-header.php(19): require_once('/app/public/wp-...')
#7 /app/public/index.php(17): require('/app/public/wp-...')
#8 {main}
  thrown in /app/public/wp-includes/plugin.php on line 176
[13-Jan-2019 04:39:32 UTC] PHP Fatal error:  Uncaught ArgumentCountError: Too few arguments to function apply_filters(), 1 passed in /app/public/wp-content/themes/pronto-two/footer.php on line 4 and exactly 2 expected in /app/public/wp-includes/plugin.php:176
Stack trace:
#0 /app/public/wp-content/themes/pronto-two/footer.php(4): apply_filters('replace_pronto_...')
#1 /app/public/wp-includes/template.php(688): require_once('/app/public/wp-...')
#2 /app/public/wp-includes/template.php(647): load_template('/app/public/wp-...', true)
#3 /app/public/wp-includes/general-template.php(76): locate_template(Array, true)
#4 /app/public/wp-content/themes/pronto-two/index.php(14): get_footer()
#5 /app/public/wp-includes/template-loader.php(74): include('/app/public/wp-...')
#6 /app/public/wp-blog-header.php(19): require_once('/app/public/wp-...')
#7 /app/public/index.php(17): require('/app/public/wp-...')
#8 {main}
  thrown in /app/public/wp-includes/plugin.php on line 176
[13-Jan-2019 06:44:03 UTC] PHP Warning:  call_user_func() expects parameter 1 to be a valid callback, function 'my_wporg_custom_box_html' not found or invalid function name in /app/public/wp-admin/includes/template.php on line 1215
[13-Jan-2019 06:58:14 UTC] PHP Parse error:  syntax error, unexpected end of file in /app/public/wp-content/themes/pronto-two/functions.php on line 53
